<?xml version="1.0" encoding="UTF-8"?>
<!-- Generated by org.testng.reporters.JUnitReportReporter -->
<testsuite hostname="DESKTOP-V2FSN10" failures="0" tests="3" name="login.tests.LoginTests" time="7.303" errors="0" timestamp="2021-11-22T07:58:02 IST" skipped="0">
  <testcase classname="login.tests.LoginTests" name="verifyInvalidUsername" time="1.566"/>
  <system-out/>
  <testcase classname="login.tests.LoginTests" name="verifyInvalidPassword" time="3.432"/>
  <system-out/>
  <testcase classname="login.tests.LoginTests" name="verifyValidCredentials" time="2.305"/>
  <system-out/>
</testsuite> <!-- login.tests.LoginTests -->
